<?xml version="1.0" encoding="UTF-8"?>
<!-- Generated by org.testng.reporters.JUnitXMLReporter -->
<testsuite hostname="LAPTOP-1OPG4PT1" ignored="0" name="Test" tests="5" failures="0" timestamp="2020-09-24T10:52:49 IST" time="170.194" errors="0">
  <testcase name="subscribeFirstUser" time="18.058" classname="com.youtube.scripts.SubscribeScript"/>
  <testcase name="subscriberSecondUser" time="16.686" classname="com.youtube.scripts.SubscribeScript"/>
  <testcase name="subscriberThirdUser" time="18.608" classname="com.youtube.scripts.SubscribeScript"/>
  <testcase name="subscriberFourthUser" time="21.647" classname="com.youtube.scripts.SubscribeScript"/>
  <testcase name="subscriberFifthhUser" time="17.481" classname="com.youtube.scripts.SubscribeScript"/>
</testsuite> <!-- Test -->
